[2022-07-25 12:58:26.827 +05:30  INF]  User profile is available. Using 'C:\Users\VC\AppData\Local\ASP.NET\DataProtection-Keys' as key repository and Windows DPAPI to encrypt keys at rest.
[2022-07-25 12:58:27.649 +05:30  INF]  Now listening on: https://localhost:7070
[2022-07-25 12:58:27.649 +05:30  INF]  Now listening on: http://localhost:5070
[2022-07-25 12:58:27.653 +05:30  INF]  Application started. Press Ctrl+C to shut down.
[2022-07-25 12:58:27.653 +05:30  INF]  Hosting environment: Development
[2022-07-25 12:58:27.653 +05:30  INF]  Content root path: D:\presidio\SocialMediaApplication\SocialMediaApplication\
[2022-07-25 12:58:29.368 +05:30  INF]  Request starting HTTP/2 GET https://localhost:7070/swagger/index.html - -
[2022-07-25 12:58:30.357 +05:30  INF]  Request finished HTTP/2 GET https://localhost:7070/swagger/index.html - - - 200 - text/html;charset=utf-8 997.5371ms
[2022-07-25 12:58:30.416 +05:30  INF]  Request starting HTTP/2 GET https://localhost:7070/_framework/aspnetcore-browser-refresh.js - -
[2022-07-25 12:58:30.422 +05:30  INF]  Request finished HTTP/2 GET https://localhost:7070/_framework/aspnetcore-browser-refresh.js - - - 200 12014 application/javascript;+charset=utf-8 51.4627ms
[2022-07-25 12:58:30.468 +05:30  INF]  Request starting HTTP/2 GET https://localhost:7070/_vs/browserLink - -
[2022-07-25 12:58:30.599 +05:30  INF]  Request finished HTTP/2 GET https://localhost:7070/_vs/browserLink - - - 200 - text/javascript;+charset=UTF-8 130.9673ms
[2022-07-25 12:58:30.825 +05:30  INF]  Request starting HTTP/2 GET https://localhost:7070/swagger/v1/swagger.json - -
[2022-07-25 12:58:31.283 +05:30  INF]  Request finished HTTP/2 GET https://localhost:7070/swagger/v1/swagger.json - - - 200 - application/json;charset=utf-8 458.5716ms
[2022-07-25 12:58:55.900 +05:30  INF]  Request starting HTTP/2 POST https://localhost:7070/api/Auth/login application/json 47
[2022-07-25 12:58:55.948 +05:30  INF]  CORS policy execution successful.
[2022-07-25 12:58:56.175 +05:30  INF]  Executing endpoint 'CollegeManagement.Controllers.AuthController.Login (SocialMediaApplication)'
[2022-07-25 12:58:56.243 +05:30  INF]  Route matched with {action = "Login", controller = "Auth"}. Executing controller action with signature System.Threading.Tasks.Task`1[Microsoft.AspNetCore.Mvc.ActionResult`1[SocialMediaApplication.Models.User]] Login(SocialMediaApplication.Models.Login) on controller CollegeManagement.Controllers.AuthController (SocialMediaApplication).
[2022-07-25 12:58:57.221 +05:30  INF]  Authentication Loading...
[2022-07-25 12:58:58.928 +05:30  INF]  Entity Framework Core 6.0.7 initialized 'socialfeeddbContext' using provider 'Pomelo.EntityFrameworkCore.MySql:6.0.1' with options: ServerVersion 8.0.29-mysql 
[2022-07-25 12:59:00.521 +05:30  INF]  Executed DbCommand (106ms) [Parameters=[@__user_Email_0='?' (Size = 4000), @__user_Password_1='?' (Size = 4000)], CommandType='"Text"', CommandTimeout='30']
SELECT `u`.`UserId`, `u`.`Email`, `u`.`isAdmin`, `u`.`Password`, `u`.`UserName`
FROM `users` AS `u`
WHERE (`u`.`Email` = @__user_Email_0) AND (`u`.`Password` = @__user_Password_1)
LIMIT 1
[2022-07-25 12:59:01.521 +05:30  INF]  Executing OkObjectResult, writing value of type '<>f__AnonymousType0`2[[System.String, System.Private.CoreLib, Version=6.0.0.0, Culture=neutral, PublicKeyToken=7cec85d7bea7798e],[System.Int32, System.Private.CoreLib, Version=6.0.0.0, Culture=neutral, PublicKeyToken=7cec85d7bea7798e]]'.
[2022-07-25 12:59:01.553 +05:30  INF]  Executed action CollegeManagement.Controllers.AuthController.Login (SocialMediaApplication) in 5292.502ms
[2022-07-25 12:59:01.557 +05:30  INF]  Executed endpoint 'CollegeManagement.Controllers.AuthController.Login (SocialMediaApplication)'
[2022-07-25 12:59:01.578 +05:30  INF]  Request finished HTTP/2 POST https://localhost:7070/api/Auth/login application/json 47 - 200 - application/json;+charset=utf-8 5677.4251ms
[2022-07-25 13:03:09.097 +05:30  DBG]  Config reload token fired. Checking for changes...
[2022-07-25 13:03:18.201 +05:30  DBG]  Registered model binder providers, in the following order: ["Microsoft.AspNetCore.Mvc.ModelBinding.Binders.BinderTypeModelBinderProvider","Microsoft.AspNetCore.Mvc.ModelBinding.Binders.ServicesModelBinderProvider","Microsoft.AspNetCore.Mvc.ModelBinding.Binders.BodyModelBinderProvider","Microsoft.AspNetCore.Mvc.ModelBinding.Binders.HeaderModelBinderProvider","Microsoft.AspNetCore.Mvc.ModelBinding.Binders.FloatingPointTypeModelBinderProvider","Microsoft.AspNetCore.Mvc.ModelBinding.Binders.EnumTypeModelBinderProvider","Microsoft.AspNetCore.Mvc.ModelBinding.Binders.DateTimeModelBinderProvider","Microsoft.AspNetCore.Mvc.ModelBinding.Binders.SimpleTypeModelBinderProvider","Microsoft.AspNetCore.Mvc.ModelBinding.Binders.CancellationTokenModelBinderProvider","Microsoft.AspNetCore.Mvc.ModelBinding.Binders.ByteArrayModelBinderProvider","Microsoft.AspNetCore.Mvc.ModelBinding.Binders.FormFileModelBinderProvider","Microsoft.AspNetCore.Mvc.ModelBinding.Binders.FormCollectionModelBinderProvider","Microsoft.AspNetCore.Mvc.ModelBinding.Binders.KeyValuePairModelBinderProvider","Microsoft.AspNetCore.Mvc.ModelBinding.Binders.DictionaryModelBinderProvider","Microsoft.AspNetCore.Mvc.ModelBinding.Binders.ArrayModelBinderProvider","Microsoft.AspNetCore.Mvc.ModelBinding.Binders.CollectionModelBinderProvider","Microsoft.AspNetCore.Mvc.ModelBinding.Binders.ComplexObjectModelBinderProvider"]
[2022-07-25 13:03:18.358 +05:30  DBG]  Hosting starting
[2022-07-25 13:03:18.445 +05:30  INF]  User profile is available. Using 'C:\Users\VC\AppData\Local\ASP.NET\DataProtection-Keys' as key repository and Windows DPAPI to encrypt keys at rest.
[2022-07-25 13:03:18.451 +05:30  DBG]  Reading data from file 'C:\Users\VC\AppData\Local\ASP.NET\DataProtection-Keys\key-9adb0cbe-4ca8-405b-a6ec-b3ef99341dd2.xml'.
[2022-07-25 13:03:18.482 +05:30  DBG]  Found key {9adb0cbe-4ca8-405b-a6ec-b3ef99341dd2}.
[2022-07-25 13:03:18.502 +05:30  DBG]  Considering key {9adb0cbe-4ca8-405b-a6ec-b3ef99341dd2} with expiration date 2022-10-11 05:30:34Z as default key.
[2022-07-25 13:03:18.504 +05:30  DBG]  Forwarded activator type request from Microsoft.AspNetCore.DataProtection.XmlEncryption.DpapiXmlDecryptor, Microsoft.AspNetCore.DataProtection, Version=6.0.0.0, Culture=neutral, PublicKeyToken=adb9793829ddae60 to Microsoft.AspNetCore.DataProtection.XmlEncryption.DpapiXmlDecryptor, Microsoft.AspNetCore.DataProtection, Culture=neutral, PublicKeyToken=adb9793829ddae60
[2022-07-25 13:03:18.509 +05:30  DBG]  Decrypting secret element using Windows DPAPI.
[2022-07-25 13:03:18.512 +05:30  DBG]  Forwarded activator type request from Microsoft.AspNetCore.DataProtection.AuthenticatedEncryption.ConfigurationModel.AuthenticatedEncryptorDescriptorDeserializer, Microsoft.AspNetCore.DataProtection, Version=6.0.0.0, Culture=neutral, PublicKeyToken=adb9793829ddae60 to Microsoft.AspNetCore.DataProtection.AuthenticatedEncryption.ConfigurationModel.AuthenticatedEncryptorDescriptorDeserializer, Microsoft.AspNetCore.DataProtection, Culture=neutral, PublicKeyToken=adb9793829ddae60
[2022-07-25 13:03:18.520 +05:30  DBG]  Opening CNG algorithm 'AES' from provider 'null' with chaining mode CBC.
[2022-07-25 13:03:18.523 +05:30  DBG]  Opening CNG algorithm 'SHA256' from provider 'null' with HMAC.
[2022-07-25 13:03:18.528 +05:30  DBG]  Using key {9adb0cbe-4ca8-405b-a6ec-b3ef99341dd2} as the default key.
[2022-07-25 13:03:18.529 +05:30  DBG]  Key ring with default key {9adb0cbe-4ca8-405b-a6ec-b3ef99341dd2} was loaded during application startup.
[2022-07-25 13:03:19.074 +05:30  DBG]  Using development certificate: CN=localhost (Thumbprint: 49059945AE5C5799F159A5E8FA7A7B2190719E68)
[2022-07-25 13:03:19.145 +05:30  INF]  Now listening on: https://localhost:7070
[2022-07-25 13:03:19.145 +05:30  INF]  Now listening on: http://localhost:5070
[2022-07-25 13:03:19.145 +05:30  DBG]  Loaded hosting startup assembly SocialMediaApplication
[2022-07-25 13:03:19.145 +05:30  DBG]  Loaded hosting startup assembly Microsoft.AspNetCore.Watch.BrowserRefresh
[2022-07-25 13:03:19.145 +05:30  DBG]  Loaded hosting startup assembly Microsoft.WebTools.BrowserLink.Net
[2022-07-25 13:03:19.146 +05:30  INF]  Application started. Press Ctrl+C to shut down.
[2022-07-25 13:03:19.146 +05:30  INF]  Hosting environment: Development
[2022-07-25 13:03:19.146 +05:30  INF]  Content root path: D:\presidio\SocialMediaApplication\SocialMediaApplication\
[2022-07-25 13:03:19.146 +05:30  DBG]  Hosting started
[2022-07-25 13:03:19.275 +05:30  DBG]  Connection id "0HMJE1VP2JTAL" received FIN.
[2022-07-25 13:03:19.275 +05:30  DBG]  Connection id "0HMJE1VP2JTAK" received FIN.
[2022-07-25 13:03:19.310 +05:30  DBG]  Connection id "0HMJE1VP2JTAK" accepted.
[2022-07-25 13:03:19.310 +05:30  DBG]  Connection id "0HMJE1VP2JTAL" accepted.
[2022-07-25 13:03:19.312 +05:30  DBG]  Connection id "0HMJE1VP2JTAL" started.
[2022-07-25 13:03:19.312 +05:30  DBG]  Connection id "0HMJE1VP2JTAK" started.
[2022-07-25 13:03:19.347 +05:30  DBG]  Failed to authenticate HTTPS connection.
System.IO.IOException:  Received an unexpected EOF or 0 bytes from the transport stream.
   at System.Net.Security.SslStream.ReceiveBlobAsync[TIOAdapter](TIOAdapter adapter)
   at System.Net.Security.SslStream.ForceAuthenticationAsync[TIOAdapter](TIOAdapter adapter, Boolean receiveFirst, Byte[] reAuthenticationData, Boolean isApm)
   at Microsoft.AspNetCore.Server.Kestrel.Https.Internal.HttpsConnectionMiddleware.OnConnectionAsync(ConnectionContext context)
[2022-07-25 13:03:19.347 +05:30  DBG]  Failed to authenticate HTTPS connection.
System.IO.IOException:  Received an unexpected EOF or 0 bytes from the transport stream.
   at System.Net.Security.SslStream.ReceiveBlobAsync[TIOAdapter](TIOAdapter adapter)
   at System.Net.Security.SslStream.ForceAuthenticationAsync[TIOAdapter](TIOAdapter adapter, Boolean receiveFirst, Byte[] reAuthenticationData, Boolean isApm)
   at Microsoft.AspNetCore.Server.Kestrel.Https.Internal.HttpsConnectionMiddleware.OnConnectionAsync(ConnectionContext context)
[2022-07-25 13:03:20.418 +05:30  DBG]  Connection id "0HMJE1VP2JTAM" accepted.
[2022-07-25 13:03:20.663 +05:30  DBG]  Connection id "0HMJE1VP2JTAM" started.
[2022-07-25 13:03:20.689 +05:30  DBG]  Connection id "0HMJE1VP2JTAK" stopped.
[2022-07-25 13:03:20.689 +05:30  DBG]  Connection id "0HMJE1VP2JTAL" stopped.
[2022-07-25 13:03:20.701 +05:30  DBG]  Connection id "0HMJE1VP2JTAK" sending FIN because: "The Socket transport's send loop completed gracefully."
[2022-07-25 13:03:20.701 +05:30  DBG]  Connection id "0HMJE1VP2JTAL" sending FIN because: "The Socket transport's send loop completed gracefully."
[2022-07-25 13:03:20.822 +05:30  DBG]  Connection 0HMJE1VP2JTAM established using the following protocol: "Tls12"
[2022-07-25 13:03:20.894 +05:30  VRB]  Connection id "0HMJE1VP2JTAM" sending "SETTINGS" frame for stream ID 0 with length 18 and flags "NONE".
[2022-07-25 13:03:20.902 +05:30  VRB]  Connection id "0HMJE1VP2JTAM" sending "WINDOW_UPDATE" frame for stream ID 0 with length 4 and flags 0x0.
[2022-07-25 13:03:20.902 +05:30  VRB]  Connection id "0HMJE1VP2JTAM" received "SETTINGS" frame for stream ID 0 with length 24 and flags "NONE".
[2022-07-25 13:03:20.903 +05:30  VRB]  Connection id "0HMJE1VP2JTAM" sending "SETTINGS" frame for stream ID 0 with length 0 and flags "ACK".
[2022-07-25 13:03:20.903 +05:30  VRB]  Connection id "0HMJE1VP2JTAM" received "WINDOW_UPDATE" frame for stream ID 0 with length 4 and flags 0x0.
[2022-07-25 13:03:20.904 +05:30  VRB]  Connection id "0HMJE1VP2JTAM" received "HEADERS" frame for stream ID 1 with length 636 and flags "END_STREAM, END_HEADERS, PRIORITY".
[2022-07-25 13:03:20.981 +05:30  VRB]  Connection id "0HMJE1VP2JTAM" received "SETTINGS" frame for stream ID 0 with length 0 and flags "ACK".
[2022-07-25 13:03:21.030 +05:30  INF]  Request starting HTTP/2 GET https://localhost:7070/swagger/index.html - -
[2022-07-25 13:03:21.497 +05:30  DBG]  Wildcard detected, all requests with hosts will be allowed.
[2022-07-25 13:03:21.497 +05:30  VRB]  All hosts are allowed.
[2022-07-25 13:03:21.576 +05:30  DBG]  No candidates found for the request path '/swagger/index.html'
[2022-07-25 13:03:21.577 +05:30  DBG]  Request did not match any endpoints
[2022-07-25 13:03:21.832 +05:30  DBG]  Response markup is scheduled to include browser refresh script injection.
[2022-07-25 13:03:21.861 +05:30  VRB]  Connection id "0HMJE1VP2JTAM" sending "HEADERS" frame for stream ID 1 with length 66 and flags "END_HEADERS".
[2022-07-25 13:03:22.177 +05:30  VRB]  Connection id "0HMJE1VP2JTAM" sending "DATA" frame for stream ID 1 with length 1024 and flags "NONE".
[2022-07-25 13:03:22.177 +05:30  VRB]  Connection id "0HMJE1VP2JTAM" sending "DATA" frame for stream ID 1 with length 1024 and flags "NONE".
[2022-07-25 13:03:22.177 +05:30  VRB]  Connection id "0HMJE1VP2JTAM" sending "DATA" frame for stream ID 1 with length 1024 and flags "NONE".
[2022-07-25 13:03:22.178 +05:30  VRB]  Connection id "0HMJE1VP2JTAM" sending "DATA" frame for stream ID 1 with length 1024 and flags "NONE".
[2022-07-25 13:03:22.178 +05:30  VRB]  Connection id "0HMJE1VP2JTAM" sending "DATA" frame for stream ID 1 with length 1003 and flags "NONE".
[2022-07-25 13:03:22.178 +05:30  VRB]  Connection id "0HMJE1VP2JTAM" sending "DATA" frame for stream ID 1 with length 65 and flags "NONE".
[2022-07-25 13:03:22.178 +05:30  VRB]  Connection id "0HMJE1VP2JTAM" sending "DATA" frame for stream ID 1 with length 16 and flags "NONE".
[2022-07-25 13:03:22.218 +05:30  VRB]  Connection id "0HMJE1VP2JTAM" received "HEADERS" frame for stream ID 3 with length 111 and flags "END_STREAM, END_HEADERS, PRIORITY".
[2022-07-25 13:03:22.233 +05:30  INF]  Request starting HTTP/2 GET https://localhost:7070/_framework/aspnetcore-browser-refresh.js - -
[2022-07-25 13:03:22.243 +05:30  DBG]  Response markup was updated to include browser refresh script injection.
[2022-07-25 13:03:22.246 +05:30  VRB]  Connection id "0HMJE1VP2JTAM" sending "HEADERS" frame for stream ID 3 with length 90 and flags "END_HEADERS".
[2022-07-25 13:03:22.246 +05:30  VRB]  Connection id "0HMJE1VP2JTAM" sending "DATA" frame for stream ID 1 with length 0 and flags "END_STREAM".
[2022-07-25 13:03:22.247 +05:30  VRB]  Connection id "0HMJE1VP2JTAM" sending "DATA" frame for stream ID 3 with length 12014 and flags "NONE".
[2022-07-25 13:03:22.248 +05:30  VRB]  Connection id "0HMJE1VP2JTAM" sending "DATA" frame for stream ID 3 with length 0 and flags "END_STREAM".
[2022-07-25 13:03:22.250 +05:30  INF]  Request finished HTTP/2 GET https://localhost:7070/swagger/index.html - - - 200 - text/html;charset=utf-8 1242.0421ms
[2022-07-25 13:03:22.251 +05:30  INF]  Request finished HTTP/2 GET https://localhost:7070/_framework/aspnetcore-browser-refresh.js - - - 200 12014 application/javascript;+charset=utf-8 15.7500ms
[2022-07-25 13:03:22.449 +05:30  VRB]  Connection id "0HMJE1VP2JTAM" received "HEADERS" frame for stream ID 5 with length 59 and flags "END_STREAM, END_HEADERS, PRIORITY".
[2022-07-25 13:03:22.461 +05:30  INF]  Request starting HTTP/2 GET https://localhost:7070/_vs/browserLink - -
[2022-07-25 13:03:22.565 +05:30  VRB]  Connection id "0HMJE1VP2JTAM" sending "HEADERS" frame for stream ID 5 with length 119 and flags "END_HEADERS".
[2022-07-25 13:03:22.565 +05:30  VRB]  Connection id "0HMJE1VP2JTAM" sending "DATA" frame for stream ID 5 with length 9986 and flags "NONE".
[2022-07-25 13:03:22.565 +05:30  VRB]  Connection id "0HMJE1VP2JTAM" sending "DATA" frame for stream ID 5 with length 10240 and flags "NONE".
[2022-07-25 13:03:22.565 +05:30  VRB]  Connection id "0HMJE1VP2JTAM" sending "DATA" frame for stream ID 5 with length 10240 and flags "NONE".
[2022-07-25 13:03:22.566 +05:30  VRB]  Connection id "0HMJE1VP2JTAM" sending "DATA" frame for stream ID 5 with length 10240 and flags "NONE".
[2022-07-25 13:03:22.567 +05:30  VRB]  Connection id "0HMJE1VP2JTAM" sending "DATA" frame for stream ID 5 with length 10240 and flags "NONE".
[2022-07-25 13:03:22.567 +05:30  VRB]  Connection id "0HMJE1VP2JTAM" sending "DATA" frame for stream ID 5 with length 10240 and flags "NONE".
[2022-07-25 13:03:22.567 +05:30  VRB]  Connection id "0HMJE1VP2JTAM" sending "DATA" frame for stream ID 5 with length 10240 and flags "NONE".
[2022-07-25 13:03:22.568 +05:30  VRB]  Connection id "0HMJE1VP2JTAM" sending "DATA" frame for stream ID 5 with length 10240 and flags "NONE".
[2022-07-25 13:03:22.568 +05:30  VRB]  Connection id "0HMJE1VP2JTAM" sending "DATA" frame for stream ID 5 with length 10240 and flags "NONE".
[2022-07-25 13:03:22.568 +05:30  VRB]  Connection id "0HMJE1VP2JTAM" sending "DATA" frame for stream ID 5 with length 10240 and flags "NONE".
[2022-07-25 13:03:22.568 +05:30  VRB]  Connection id "0HMJE1VP2JTAM" sending "DATA" frame for stream ID 5 with length 10240 and flags "NONE".
[2022-07-25 13:03:22.568 +05:30  VRB]  Connection id "0HMJE1VP2JTAM" sending "DATA" frame for stream ID 5 with length 10240 and flags "NONE".
[2022-07-25 13:03:22.568 +05:30  VRB]  Connection id "0HMJE1VP2JTAM" sending "DATA" frame for stream ID 5 with length 10240 and flags "NONE".
[2022-07-25 13:03:22.568 +05:30  VRB]  Connection id "0HMJE1VP2JTAM" sending "DATA" frame for stream ID 5 with length 10240 and flags "NONE".
[2022-07-25 13:03:22.568 +05:30  VRB]  Connection id "0HMJE1VP2JTAM" sending "DATA" frame for stream ID 5 with length 10240 and flags "NONE".
[2022-07-25 13:03:22.569 +05:30  VRB]  Connection id "0HMJE1VP2JTAM" sending "DATA" frame for stream ID 5 with length 10240 and flags "NONE".
[2022-07-25 13:03:22.569 +05:30  VRB]  Connection id "0HMJE1VP2JTAM" sending "DATA" frame for stream ID 5 with length 10240 and flags "NONE".
[2022-07-25 13:03:22.569 +05:30  VRB]  Connection id "0HMJE1VP2JTAM" sending "DATA" frame for stream ID 5 with length 10240 and flags "NONE".
[2022-07-25 13:03:22.569 +05:30  VRB]  Connection id "0HMJE1VP2JTAM" sending "DATA" frame for stream ID 5 with length 10240 and flags "NONE".
[2022-07-25 13:03:22.569 +05:30  VRB]  Connection id "0HMJE1VP2JTAM" sending "DATA" frame for stream ID 5 with length 10240 and flags "NONE".
[2022-07-25 13:03:22.569 +05:30  VRB]  Connection id "0HMJE1VP2JTAM" sending "DATA" frame for stream ID 5 with length 10240 and flags "NONE".
[2022-07-25 13:03:22.569 +05:30  VRB]  Connection id "0HMJE1VP2JTAM" sending "DATA" frame for stream ID 5 with length 10240 and flags "NONE".
[2022-07-25 13:03:22.569 +05:30  VRB]  Connection id "0HMJE1VP2JTAM" sending "DATA" frame for stream ID 5 with length 10240 and flags "NONE".
[2022-07-25 13:03:22.569 +05:30  VRB]  Connection id "0HMJE1VP2JTAM" sending "DATA" frame for stream ID 5 with length 10240 and flags "NONE".
[2022-07-25 13:03:22.569 +05:30  VRB]  Connection id "0HMJE1VP2JTAM" sending "DATA" frame for stream ID 5 with length 10240 and flags "NONE".
[2022-07-25 13:03:22.569 +05:30  VRB]  Connection id "0HMJE1VP2JTAM" sending "DATA" frame for stream ID 5 with length 10240 and flags "NONE".
[2022-07-25 13:03:22.570 +05:30  VRB]  Connection id "0HMJE1VP2JTAM" sending "DATA" frame for stream ID 5 with length 10240 and flags "NONE".
[2022-07-25 13:03:22.571 +05:30  VRB]  Connection id "0HMJE1VP2JTAM" sending "DATA" frame for stream ID 5 with length 10240 and flags "NONE".
[2022-07-25 13:03:22.571 +05:30  VRB]  Connection id "0HMJE1VP2JTAM" sending "DATA" frame for stream ID 5 with length 10240 and flags "NONE".
[2022-07-25 13:03:22.571 +05:30  VRB]  Connection id "0HMJE1VP2JTAM" sending "DATA" frame for stream ID 5 with length 10240 and flags "NONE".
[2022-07-25 13:03:22.571 +05:30  VRB]  Connection id "0HMJE1VP2JTAM" sending "DATA" frame for stream ID 5 with length 10240 and flags "NONE".
[2022-07-25 13:03:22.571 +05:30  VRB]  Connection id "0HMJE1VP2JTAM" sending "DATA" frame for stream ID 5 with length 10240 and flags "NONE".
[2022-07-25 13:03:22.571 +05:30  VRB]  Connection id "0HMJE1VP2JTAM" sending "DATA" frame for stream ID 5 with length 10240 and flags "NONE".
[2022-07-25 13:03:22.571 +05:30  VRB]  Connection id "0HMJE1VP2JTAM" sending "DATA" frame for stream ID 5 with length 10240 and flags "NONE".
[2022-07-25 13:03:22.571 +05:30  VRB]  Connection id "0HMJE1VP2JTAM" sending "DATA" frame for stream ID 5 with length 10240 and flags "NONE".
[2022-07-25 13:03:22.575 +05:30  VRB]  Connection id "0HMJE1VP2JTAM" sending "DATA" frame for stream ID 5 with length 10240 and flags "NONE".
[2022-07-25 13:03:22.575 +05:30  VRB]  Connection id "0HMJE1VP2JTAM" sending "DATA" frame for stream ID 5 with length 10240 and flags "NONE".
[2022-07-25 13:03:22.576 +05:30  VRB]  Connection id "0HMJE1VP2JTAM" sending "DATA" frame for stream ID 5 with length 10240 and flags "NONE".
[2022-07-25 13:03:22.576 +05:30  VRB]  Connection id "0HMJE1VP2JTAM" sending "DATA" frame for stream ID 5 with length 10240 and flags "NONE".
[2022-07-25 13:03:22.577 +05:30  VRB]  Connection id "0HMJE1VP2JTAM" sending "DATA" frame for stream ID 5 with length 10240 and flags "NONE".
[2022-07-25 13:03:22.577 +05:30  VRB]  Connection id "0HMJE1VP2JTAM" sending "DATA" frame for stream ID 5 with length 10240 and flags "NONE".
[2022-07-25 13:03:22.589 +05:30  VRB]  Connection id "0HMJE1VP2JTAM" sending "DATA" frame for stream ID 5 with length 10240 and flags "NONE".
[2022-07-25 13:03:22.589 +05:30  VRB]  Connection id "0HMJE1VP2JTAM" sending "DATA" frame for stream ID 5 with length 10240 and flags "NONE".
[2022-07-25 13:03:22.589 +05:30  VRB]  Connection id "0HMJE1VP2JTAM" sending "DATA" frame for stream ID 5 with length 10240 and flags "NONE".
[2022-07-25 13:03:22.589 +05:30  VRB]  Connection id "0HMJE1VP2JTAM" sending "DATA" frame for stream ID 5 with length 10240 and flags "NONE".
[2022-07-25 13:03:22.589 +05:30  VRB]  Connection id "0HMJE1VP2JTAM" sending "DATA" frame for stream ID 5 with length 10240 and flags "NONE".
[2022-07-25 13:03:22.590 +05:30  VRB]  Connection id "0HMJE1VP2JTAM" sending "DATA" frame for stream ID 5 with length 10240 and flags "NONE".
[2022-07-25 13:03:22.590 +05:30  VRB]  Connection id "0HMJE1VP2JTAM" sending "DATA" frame for stream ID 5 with length 10240 and flags "NONE".
[2022-07-25 13:03:22.600 +05:30  VRB]  Connection id "0HMJE1VP2JTAM" sending "DATA" frame for stream ID 5 with length 10240 and flags "NONE".
[2022-07-25 13:03:22.601 +05:30  VRB]  Connection id "0HMJE1VP2JTAM" sending "DATA" frame for stream ID 5 with length 10240 and flags "NONE".
[2022-07-25 13:03:22.601 +05:30  VRB]  Connection id "0HMJE1VP2JTAM" sending "DATA" frame for stream ID 5 with length 10240 and flags "NONE".
[2022-07-25 13:03:22.601 +05:30  VRB]  Connection id "0HMJE1VP2JTAM" sending "DATA" frame for stream ID 5 with length 10240 and flags "NONE".
[2022-07-25 13:03:22.601 +05:30  VRB]  Connection id "0HMJE1VP2JTAM" sending "DATA" frame for stream ID 5 with length 10240 and flags "NONE".
[2022-07-25 13:03:22.602 +05:30  VRB]  Connection id "0HMJE1VP2JTAM" sending "DATA" frame for stream ID 5 with length 10240 and flags "NONE".
[2022-07-25 13:03:22.602 +05:30  VRB]  Connection id "0HMJE1VP2JTAM" sending "DATA" frame for stream ID 5 with length 10240 and flags "NONE".
[2022-07-25 13:03:22.602 +05:30  VRB]  Connection id "0HMJE1VP2JTAM" sending "DATA" frame for stream ID 5 with length 10240 and flags "NONE".
[2022-07-25 13:03:22.602 +05:30  VRB]  Connection id "0HMJE1VP2JTAM" sending "DATA" frame for stream ID 5 with length 10240 and flags "NONE".
[2022-07-25 13:03:22.602 +05:30  VRB]  Connection id "0HMJE1VP2JTAM" sending "DATA" frame for stream ID 5 with length 10240 and flags "NONE".
[2022-07-25 13:03:22.603 +05:30  VRB]  Connection id "0HMJE1VP2JTAM" sending "DATA" frame for stream ID 5 with length 10240 and flags "NONE".
[2022-07-25 13:03:22.603 +05:30  VRB]  Connection id "0HMJE1VP2JTAM" sending "DATA" frame for stream ID 5 with length 10240 and flags "NONE".
[2022-07-25 13:03:22.603 +05:30  VRB]  Connection id "0HMJE1VP2JTAM" sending "DATA" frame for stream ID 5 with length 10240 and flags "NONE".
[2022-07-25 13:03:22.604 +05:30  VRB]  Connection id "0HMJE1VP2JTAM" sending "DATA" frame for stream ID 5 with length 10240 and flags "NONE".
[2022-07-25 13:03:22.604 +05:30  VRB]  Connection id "0HMJE1VP2JTAM" sending "DATA" frame for stream ID 5 with length 10240 and flags "NONE".
[2022-07-25 13:03:22.702 +05:30  VRB]  Connection id "0HMJE1VP2JTAM" sending "DATA" frame for stream ID 5 with length 10240 and flags "NONE".
[2022-07-25 13:03:22.702 +05:30  VRB]  Connection id "0HMJE1VP2JTAM" sending "DATA" frame for stream ID 5 with length 10240 and flags "NONE".
[2022-07-25 13:03:22.703 +05:30  VRB]  Connection id "0HMJE1VP2JTAM" sending "DATA" frame for stream ID 5 with length 10240 and flags "NONE".
[2022-07-25 13:03:22.707 +05:30  VRB]  Connection id "0HMJE1VP2JTAM" sending "DATA" frame for stream ID 5 with length 10240 and flags "NONE".
[2022-07-25 13:03:22.707 +05:30  VRB]  Connection id "0HMJE1VP2JTAM" sending "DATA" frame for stream ID 5 with length 10240 and flags "NONE".
[2022-07-25 13:03:22.708 +05:30  VRB]  Connection id "0HMJE1VP2JTAM" sending "DATA" frame for stream ID 5 with length 10240 and flags "NONE".
[2022-07-25 13:03:22.709 +05:30  VRB]  Connection id "0HMJE1VP2JTAM" sending "DATA" frame for stream ID 5 with length 744 and flags "NONE".
[2022-07-25 13:03:22.724 +05:30  VRB]  Connection id "0HMJE1VP2JTAM" sending "DATA" frame for stream ID 5 with length 0 and flags "END_STREAM".
[2022-07-25 13:03:22.724 +05:30  INF]  Request finished HTTP/2 GET https://localhost:7070/_vs/browserLink - - - 200 - text/javascript;+charset=UTF-8 263.0861ms
[2022-07-25 13:03:23.231 +05:30  VRB]  Connection id "0HMJE1VP2JTAM" received "HEADERS" frame for stream ID 7 with length 68 and flags "END_STREAM, END_HEADERS, PRIORITY".
[2022-07-25 13:03:23.232 +05:30  INF]  Request starting HTTP/2 GET https://localhost:7070/swagger/v1/swagger.json - -
[2022-07-25 13:03:23.232 +05:30  VRB]  All hosts are allowed.
[2022-07-25 13:03:23.236 +05:30  DBG]  No candidates found for the request path '/swagger/v1/swagger.json'
[2022-07-25 13:03:23.236 +05:30  DBG]  Request did not match any endpoints
[2022-07-25 13:03:23.519 +05:30  VRB]  Connection id "0HMJE1VP2JTAM" sending "HEADERS" frame for stream ID 7 with length 65 and flags "END_HEADERS".
[2022-07-25 13:03:23.520 +05:30  VRB]  Connection id "0HMJE1VP2JTAM" sending "DATA" frame for stream ID 7 with length 16384 and flags "NONE".
[2022-07-25 13:03:23.520 +05:30  VRB]  Connection id "0HMJE1VP2JTAM" sending "DATA" frame for stream ID 7 with length 7879 and flags "NONE".
[2022-07-25 13:03:23.520 +05:30  VRB]  Connection id "0HMJE1VP2JTAM" sending "DATA" frame for stream ID 7 with length 0 and flags "END_STREAM".
[2022-07-25 13:03:23.520 +05:30  INF]  Request finished HTTP/2 GET https://localhost:7070/swagger/v1/swagger.json - - - 200 - application/json;charset=utf-8 288.2493ms
[2022-07-25 13:03:29.464 +05:30  DBG]  Connection id "0HMJE1VP2JTAM" received FIN.
[2022-07-25 13:03:29.471 +05:30  DBG]  Connection id "0HMJE1VP2JTAM" is closed. The last processed stream ID was 7.
[2022-07-25 13:03:29.471 +05:30  DBG]  Connection id "0HMJE1VP2JTAM" sending FIN because: "The client closed the connection."
[2022-07-25 13:03:29.478 +05:30  DBG]  Connection id "0HMJE1VP2JTAM" stopped.
[2022-07-25 13:15:28.304 +05:30  DBG]  Connection id "0HMJE1VP2JTAN" accepted.
[2022-07-25 13:15:28.316 +05:30  DBG]  Connection id "0HMJE1VP2JTAN" started.
[2022-07-25 13:15:28.350 +05:30  DBG]  Connection 0HMJE1VP2JTAN established using the following protocol: "Tls12"
[2022-07-25 13:15:28.351 +05:30  VRB]  Connection id "0HMJE1VP2JTAN" sending "SETTINGS" frame for stream ID 0 with length 18 and flags "NONE".
[2022-07-25 13:15:28.351 +05:30  VRB]  Connection id "0HMJE1VP2JTAN" sending "WINDOW_UPDATE" frame for stream ID 0 with length 4 and flags 0x0.
[2022-07-25 13:15:28.351 +05:30  VRB]  Connection id "0HMJE1VP2JTAN" received "SETTINGS" frame for stream ID 0 with length 24 and flags "NONE".
[2022-07-25 13:15:28.351 +05:30  VRB]  Connection id "0HMJE1VP2JTAN" sending "SETTINGS" frame for stream ID 0 with length 0 and flags "ACK".
[2022-07-25 13:15:28.351 +05:30  VRB]  Connection id "0HMJE1VP2JTAN" received "WINDOW_UPDATE" frame for stream ID 0 with length 4 and flags 0x0.
[2022-07-25 13:15:28.351 +05:30  VRB]  Connection id "0HMJE1VP2JTAN" received "HEADERS" frame for stream ID 1 with length 575 and flags "END_HEADERS, PRIORITY".
[2022-07-25 13:15:28.352 +05:30  VRB]  Connection id "0HMJE1VP2JTAN" received "DATA" frame for stream ID 1 with length 47 and flags "END_STREAM".
[2022-07-25 13:15:28.352 +05:30  INF]  Request starting HTTP/2 POST https://localhost:7070/api/Auth/login application/json 47
[2022-07-25 13:15:28.352 +05:30  VRB]  Connection id "0HMJE1VP2JTAN" received "SETTINGS" frame for stream ID 0 with length 0 and flags "ACK".
[2022-07-25 13:15:28.352 +05:30  VRB]  All hosts are allowed.
[2022-07-25 13:15:28.363 +05:30  DBG]  1 candidate(s) found for the request path '/api/Auth/login'
[2022-07-25 13:15:28.368 +05:30  DBG]  Endpoint 'CollegeManagement.Controllers.AuthController.Login (SocialMediaApplication)' with route pattern 'api/Auth/login' is valid for the request path '/api/Auth/login'
[2022-07-25 13:15:28.369 +05:30  DBG]  Request matched endpoint 'CollegeManagement.Controllers.AuthController.Login (SocialMediaApplication)'
[2022-07-25 13:15:28.371 +05:30  DBG]  Static files was skipped as the request already matched an endpoint.
[2022-07-25 13:15:28.372 +05:30  DBG]  The request has an origin header: 'https://localhost:7070'.
[2022-07-25 13:15:28.373 +05:30  INF]  CORS policy execution successful.
[2022-07-25 13:15:28.538 +05:30  DBG]  AuthenticationScheme: Bearer was not authenticated.
[2022-07-25 13:15:28.542 +05:30  INF]  Executing endpoint 'CollegeManagement.Controllers.AuthController.Login (SocialMediaApplication)'
[2022-07-25 13:15:28.685 +05:30  INF]  Route matched with {action = "Login", controller = "Auth"}. Executing controller action with signature System.Threading.Tasks.Task`1[Microsoft.AspNetCore.Mvc.ActionResult`1[SocialMediaApplication.Models.User]] Login(SocialMediaApplication.Models.Login) on controller CollegeManagement.Controllers.AuthController (SocialMediaApplication).
[2022-07-25 13:15:28.689 +05:30  DBG]  Execution plan of authorization filters (in the following order): ["None"]
[2022-07-25 13:15:28.689 +05:30  DBG]  Execution plan of resource filters (in the following order): ["None"]
[2022-07-25 13:15:28.690 +05:30  DBG]  Execution plan of action filters (in the following order): ["Microsoft.AspNetCore.Mvc.ModelBinding.UnsupportedContentTypeFilter (Order: -3000)","Microsoft.AspNetCore.Mvc.Infrastructure.ModelStateInvalidFilter (Order: -2000)"]
[2022-07-25 13:15:28.690 +05:30  DBG]  Execution plan of exception filters (in the following order): ["None"]
[2022-07-25 13:15:28.690 +05:30  DBG]  Execution plan of result filters (in the following order): ["Microsoft.AspNetCore.Mvc.Infrastructure.ClientErrorResultFilter (Order: -2000)"]
[2022-07-25 13:15:28.692 +05:30  DBG]  Executing controller factory for controller CollegeManagement.Controllers.AuthController (SocialMediaApplication)
[2022-07-25 13:15:29.197 +05:30  DBG]  An 'IServiceProvider' was created for internal use by Entity Framework.
[2022-07-25 13:15:29.255 +05:30  DBG]  Executed controller factory for controller CollegeManagement.Controllers.AuthController (SocialMediaApplication)
[2022-07-25 13:15:29.276 +05:30  DBG]  Attempting to bind parameter 'user' of type 'SocialMediaApplication.Models.Login' ...
[2022-07-25 13:15:29.282 +05:30  DBG]  Attempting to bind parameter 'user' of type 'SocialMediaApplication.Models.Login' using the name '' in request data ...
[2022-07-25 13:15:29.283 +05:30  DBG]  Selected input formatter 'Microsoft.AspNetCore.Mvc.Formatters.SystemTextJsonInputFormatter' for content type 'application/json'.
[2022-07-25 13:15:29.295 +05:30  DBG]  Connection id "0HMJE1VP2JTAN", Request id "0HMJE1VP2JTAN:00000001": started reading request body.
[2022-07-25 13:15:29.296 +05:30  DBG]  Connection id "0HMJE1VP2JTAN", Request id "0HMJE1VP2JTAN:00000001": done reading request body.
[2022-07-25 13:15:29.316 +05:30  DBG]  JSON input formatter succeeded, deserializing to type 'SocialMediaApplication.Models.Login'
[2022-07-25 13:15:29.316 +05:30  DBG]  Done attempting to bind parameter 'user' of type 'SocialMediaApplication.Models.Login'.
[2022-07-25 13:15:29.317 +05:30  DBG]  Done attempting to bind parameter 'user' of type 'SocialMediaApplication.Models.Login'.
[2022-07-25 13:15:29.317 +05:30  DBG]  Attempting to validate the bound parameter 'user' of type 'SocialMediaApplication.Models.Login' ...
[2022-07-25 13:15:29.332 +05:30  DBG]  Done attempting to validate the bound parameter 'user' of type 'SocialMediaApplication.Models.Login'.
[2022-07-25 13:15:29.335 +05:30  VRB]  Action Filter: Before executing OnActionExecuting on filter Microsoft.AspNetCore.Mvc.ModelBinding.UnsupportedContentTypeFilter.
[2022-07-25 13:15:29.336 +05:30  VRB]  Action Filter: After executing OnActionExecuting on filter Microsoft.AspNetCore.Mvc.ModelBinding.UnsupportedContentTypeFilter.
[2022-07-25 13:15:29.336 +05:30  VRB]  Action Filter: Before executing OnActionExecuting on filter Microsoft.AspNetCore.Mvc.Infrastructure.ModelStateInvalidFilter.
[2022-07-25 13:15:29.336 +05:30  VRB]  Action Filter: After executing OnActionExecuting on filter Microsoft.AspNetCore.Mvc.Infrastructure.ModelStateInvalidFilter.
[2022-07-25 13:15:29.348 +05:30  INF]  Executing action method CollegeManagement.Controllers.AuthController.Login (SocialMediaApplication) - Validation state: "Valid"
[2022-07-25 13:15:29.348 +05:30  VRB]  Executing action method CollegeManagement.Controllers.AuthController.Login (SocialMediaApplication) with arguments (["SocialMediaApplication.Models.Login"])
[2022-07-25 13:15:29.353 +05:30  INF]  Authentication Loading...
[2022-07-25 13:15:31.567 +05:30  INF]  Entity Framework Core 6.0.7 initialized 'socialfeeddbContext' using provider 'Pomelo.EntityFrameworkCore.MySql:6.0.1' with options: ServerVersion 8.0.29-mysql 
[2022-07-25 13:15:31.680 +05:30  DBG]  Compiling query expression: 
'DbSet<User>()
    .FirstOrDefault(x => x.Email == __user_Email_0 && x.Password == __user_Password_1)'
[2022-07-25 13:15:32.211 +05:30  DBG]  Generated query execution expression: 
'queryContext => ShapedQueryCompilingExpressionVisitor.SingleOrDefaultAsync<User>(
    asyncEnumerable: new SingleQueryingEnumerable<User>(
        (RelationalQueryContext)queryContext, 
        RelationalCommandCache.SelectExpression(
            Projection Mapping:
                EmptyProjectionMember -> Dictionary<IProperty, int> { [Property: User.UserId (int) Required PK AfterSave:Throw ValueGenerated.OnAdd, 0], [Property: User.Email (string) Required, 1], [Property: User.IsAdmin (bool) Required, 2], [Property: User.Password (string) Required, 3], [Property: User.UserName (string) Required, 4] }
            SELECT TOP(1) u.UserId, u.Email, u.isAdmin, u.Password, u.UserName
            FROM users AS u
            WHERE (u.Email == @__user_Email_0) && (u.Password == @__user_Password_1)), 
        Func<QueryContext, DbDataReader, ResultContext, SingleQueryResultCoordinator, User>, 
        SocialMediaApplication.Models.socialfeeddbContext, 
        False, 
        False, 
        True
    ), 
    cancellationToken: queryContext.CancellationToken)'
[2022-07-25 13:15:32.307 +05:30  DBG]  Creating DbCommand for 'ExecuteReader'.
[2022-07-25 13:15:32.328 +05:30  DBG]  Created DbCommand for 'ExecuteReader' (16ms).
[2022-07-25 13:15:32.401 +05:30  DBG]  Opening connection to database 'socialFeedDB' on server 'localhost'.
[2022-07-25 13:15:32.710 +05:30  DBG]  Opened connection to database 'socialFeedDB' on server 'localhost'.
[2022-07-25 13:15:32.733 +05:30  DBG]  Executing DbCommand [Parameters=[@__user_Email_0='?' (Size = 4000), @__user_Password_1='?' (Size = 4000)], CommandType='"Text"', CommandTimeout='30']
SELECT `u`.`UserId`, `u`.`Email`, `u`.`isAdmin`, `u`.`Password`, `u`.`UserName`
FROM `users` AS `u`
WHERE (`u`.`Email` = @__user_Email_0) AND (`u`.`Password` = @__user_Password_1)
LIMIT 1
[2022-07-25 13:15:32.870 +05:30  INF]  Executed DbCommand (144ms) [Parameters=[@__user_Email_0='?' (Size = 4000), @__user_Password_1='?' (Size = 4000)], CommandType='"Text"', CommandTimeout='30']
SELECT `u`.`UserId`, `u`.`Email`, `u`.`isAdmin`, `u`.`Password`, `u`.`UserName`
FROM `users` AS `u`
WHERE (`u`.`Email` = @__user_Email_0) AND (`u`.`Password` = @__user_Password_1)
LIMIT 1
[2022-07-25 13:15:32.948 +05:30  DBG]  Context 'socialfeeddbContext' started tracking 'User' entity. Consider using 'DbContextOptionsBuilder.EnableSensitiveDataLogging' to see key values.
[2022-07-25 13:15:33.037 +05:30  DBG]  A data reader was disposed.
[2022-07-25 13:15:33.048 +05:30  DBG]  Closing connection to database 'socialFeedDB' on server 'localhost'.
[2022-07-25 13:15:33.059 +05:30  DBG]  Closed connection to database 'socialFeedDB' on server 'localhost'.
[2022-07-25 13:15:33.522 +05:30  INF]  Executed action method CollegeManagement.Controllers.AuthController.Login (SocialMediaApplication), returned result Microsoft.AspNetCore.Mvc.OkObjectResult in 4165.6163ms.
[2022-07-25 13:15:33.524 +05:30  VRB]  Action Filter: Before executing OnActionExecuted on filter Microsoft.AspNetCore.Mvc.Infrastructure.ModelStateInvalidFilter.
[2022-07-25 13:15:33.524 +05:30  VRB]  Action Filter: After executing OnActionExecuted on filter Microsoft.AspNetCore.Mvc.Infrastructure.ModelStateInvalidFilter.
[2022-07-25 13:15:33.525 +05:30  VRB]  Action Filter: Before executing OnActionExecuted on filter Microsoft.AspNetCore.Mvc.ModelBinding.UnsupportedContentTypeFilter.
[2022-07-25 13:15:33.525 +05:30  VRB]  Action Filter: After executing OnActionExecuted on filter Microsoft.AspNetCore.Mvc.ModelBinding.UnsupportedContentTypeFilter.
[2022-07-25 13:15:33.527 +05:30  VRB]  Result Filter: Before executing OnResultExecuting on filter Microsoft.AspNetCore.Mvc.Infrastructure.ClientErrorResultFilter.
[2022-07-25 13:15:33.527 +05:30  VRB]  Result Filter: After executing OnResultExecuting on filter Microsoft.AspNetCore.Mvc.Infrastructure.ClientErrorResultFilter.
[2022-07-25 13:15:33.530 +05:30  VRB]  Before executing action result Microsoft.AspNetCore.Mvc.OkObjectResult.
[2022-07-25 13:15:33.532 +05:30  DBG]  List of registered output formatters, in the following order: ["Microsoft.AspNetCore.Mvc.Formatters.HttpNoContentOutputFormatter","Microsoft.AspNetCore.Mvc.Formatters.StringOutputFormatter","Microsoft.AspNetCore.Mvc.Formatters.StreamOutputFormatter","Microsoft.AspNetCore.Mvc.Formatters.SystemTextJsonOutputFormatter"]
[2022-07-25 13:15:33.535 +05:30  DBG]  Attempting to select an output formatter based on Accept header '["text/plain"]'.
[2022-07-25 13:15:33.536 +05:30  DBG]  Could not find an output formatter based on content negotiation. Accepted types were (["text/plain"])
[2022-07-25 13:15:33.536 +05:30  DBG]  Attempting to select an output formatter without using a content type as no explicit content types were specified for the response.
[2022-07-25 13:15:33.536 +05:30  DBG]  Attempting to select the first formatter in the output formatters list which can write the result.
[2022-07-25 13:15:33.537 +05:30  DBG]  Selected output formatter 'Microsoft.AspNetCore.Mvc.Formatters.SystemTextJsonOutputFormatter' and content type 'application/json' to write the response.
[2022-07-25 13:15:33.537 +05:30  INF]  Executing OkObjectResult, writing value of type '<>f__AnonymousType0`2[[System.String, System.Private.CoreLib, Version=6.0.0.0, Culture=neutral, PublicKeyToken=7cec85d7bea7798e],[System.Int32, System.Private.CoreLib, Version=6.0.0.0, Culture=neutral, PublicKeyToken=7cec85d7bea7798e]]'.
[2022-07-25 13:15:33.543 +05:30  VRB]  Connection id "0HMJE1VP2JTAN" sending "HEADERS" frame for stream ID 1 with length 77 and flags "END_HEADERS".
[2022-07-25 13:15:33.543 +05:30  VRB]  Connection id "0HMJE1VP2JTAN" sending "DATA" frame for stream ID 1 with length 431 and flags "NONE".
[2022-07-25 13:15:33.544 +05:30  VRB]  After executing action result Microsoft.AspNetCore.Mvc.OkObjectResult.
[2022-07-25 13:15:33.544 +05:30  VRB]  Result Filter: Before executing OnResultExecuted on filter Microsoft.AspNetCore.Mvc.Infrastructure.ClientErrorResultFilter.
[2022-07-25 13:15:33.544 +05:30  VRB]  Result Filter: After executing OnResultExecuted on filter Microsoft.AspNetCore.Mvc.Infrastructure.ClientErrorResultFilter.
[2022-07-25 13:15:33.547 +05:30  VRB]  Connection id "0HMJE1VP2JTAN" received "WINDOW_UPDATE" frame for stream ID 0 with length 4 and flags 0x0.
[2022-07-25 13:15:33.547 +05:30  VRB]  Connection id "0HMJE1VP2JTAN" received "WINDOW_UPDATE" frame for stream ID 1 with length 4 and flags 0x0.
[2022-07-25 13:15:33.555 +05:30  INF]  Executed action CollegeManagement.Controllers.AuthController.Login (SocialMediaApplication) in 4855.3769ms
[2022-07-25 13:15:33.557 +05:30  INF]  Executed endpoint 'CollegeManagement.Controllers.AuthController.Login (SocialMediaApplication)'
[2022-07-25 13:15:33.559 +05:30  VRB]  Connection id "0HMJE1VP2JTAN" sending "DATA" frame for stream ID 1 with length 0 and flags "END_STREAM".
[2022-07-25 13:15:33.566 +05:30  DBG]  'socialfeeddbContext' disposed.
[2022-07-25 13:15:33.573 +05:30  INF]  Request finished HTTP/2 POST https://localhost:7070/api/Auth/login application/json 47 - 200 - application/json;+charset=utf-8 5220.9222ms
[2022-07-25 13:17:34.501 +05:30  DBG]  Config reload token fired. Checking for changes...
